<?xml version="1.0" encoding="UTF-8"?>
<!-- Generated by org.testng.reporters.JUnitReportReporter -->
<testsuite hostname="INHYDPGADEPALL2" name="UnitTest.Testconfig" tests="1" failures="0" timestamp="16 Sep 2016 07:12:45 GMT" time="0.000" errors="0">
  <testcase name="readconfig" time="0.000" classname="UnitTest.Testconfig"/>
</testsuite> <!-- UnitTest.Testconfig -->
