<?xml version="1.0" encoding="UTF-8"?>
<!-- Generated by org.testng.reporters.JUnitReportReporter -->
<testsuite hostname="INHYDPGADEPALL2" name="UnitTest.TestDatafactory" tests="2" failures="0" timestamp="16 Sep 2016 07:12:45 GMT" time="0.002" errors="0">
  <testcase name="testdata" time="0.002" classname="UnitTest.TestDatafactory"/>
  <testcase name="testiepath" time="0.000" classname="UnitTest.TestDatafactory"/>
</testsuite> <!-- UnitTest.TestDatafactory -->
