<?xml version="1.0" encoding="UTF-8"?>
<!-- Generated by org.testng.reporters.JUnitReportReporter -->
<testsuite hostname="INHYDPGADEPALL2" name="UnitTest.TestBrowserfactory" tests="3" failures="0" timestamp="16 Sep 2016 07:12:45 GMT" time="3.059" errors="0">
  <testcase name="testie" time="0.000" classname="UnitTest.TestBrowserfactory"/>
  <testcase name="testchrome" time="3.059" classname="UnitTest.TestBrowserfactory"/>
  <testcase name="testfirefox" time="0.000" classname="UnitTest.TestBrowserfactory"/>
</testsuite> <!-- UnitTest.TestBrowserfactory -->
