<?xml version="1.0" encoding="UTF-8"?>
<!-- Generated by org.testng.reporters.JUnitReportReporter -->
<testsuite hostname="INHYDPGADEPALL2" name="UnitTest.Testexcel" tests="1" failures="0" timestamp="16 Sep 2016 10:09:17 GMT" time="0.470" errors="0">
  <testcase name="testexcel" time="0.470" classname="UnitTest.Testexcel"/>
</testsuite> <!-- UnitTest.Testexcel -->
