<?xml version="1.0" encoding="UTF-8"?>
<!-- Generated by org.testng.reporters.JUnitReportReporter -->
<testsuite hostname="INHYDPGADEPALL2" name="UnitTest.Testconfig" tests="1" failures="0" timestamp="16 Sep 2016 06:51:33 GMT" time="0.010" errors="0">
  <testcase name="readconfig" time="0.010" classname="UnitTest.Testconfig"/>
</testsuite> <!-- UnitTest.Testconfig -->
