<?xml version="1.0" encoding="UTF-8"?>
<!-- Generated by org.testng.reporters.JUnitReportReporter -->
<testsuite hostname="INHYDPGADEPALL2" name="UnitTest.TestDatafactory" tests="3" failures="0" timestamp="16 Sep 2016 12:15:53 GMT" time="0.440" errors="0">
  <testcase name="getdata" time="0.440" classname="UnitTest.TestDatafactory"/>
  <testcase name="testdata" time="0.000" classname="UnitTest.TestDatafactory"/>
  <testcase name="testiepath" time="0.000" classname="UnitTest.TestDatafactory"/>
</testsuite> <!-- UnitTest.TestDatafactory -->
