<?xml version="1.0" encoding="UTF-8"?>
<!-- Generated by org.testng.reporters.JUnitReportReporter -->
<testsuite hostname="INHYDPGADEPALL2" name="DataProvider.Readconfig" tests="1" failures="0" timestamp="8 Sep 2016 06:03:53 GMT" time="0.007" errors="0">
  <testcase name="readdata" time="0.007" classname="DataProvider.Readconfig"/>
</testsuite> <!-- DataProvider.Readconfig -->
