<?xml version="1.0" encoding="UTF-8"?>
<!-- Generated by org.testng.reporters.JUnitReportReporter -->
<testsuite hostname="INHYDPGADEPALL2" name="UnitTest.TestBrowserfactory" tests="1" failures="0" timestamp="16 Sep 2016 07:12:22 GMT" time="4.798" errors="0">
  <testcase name="testfirefox" time="4.798" classname="UnitTest.TestBrowserfactory"/>
</testsuite> <!-- UnitTest.TestBrowserfactory -->
